INFO[2020-12-11 12:13:58.066][12084][/]hello

INFO[2020-12-11 12:29:05.002][21532][/]hello

INFO[2020-12-11 12:29:47.676][8868][/]hello a b

INFO[2020-12-11 14:49:16.205][8868][/]hello a b

INFO[2020-12-11 14:49:38.174][27468][/]hello a b

INFO[2020-12-11 14:49:41.849][27468][/]hello a b

INFO[2020-12-11 14:49:44.489][27468][/]hello a b

INFO[2020-12-11 14:49:59.209][27468][/]hello a b

INFO[2020-12-11 14:50:03.775][27468][/]hello a b

INFO[2020-12-11 14:51:46.136][24596][/ge]hello a b

INFO[2020-12-11 14:52:01.294][24596][/ge]hello a b

INFO[2020-12-11 15:01:52.026][15788][/ge]hello a b

INFO[2020-12-11 15:11:35.966][15788][/ge]hello a b

INFO2020/12/11 PM3.12.00[10156][/ge]hello a b

[2020-12-11 15:38:57.792]INFO[22084][/ge]hello a b

[2020-12-11 15:39:14.329]INFO[22084][/ge]hello a b

[2020-12-11 15:39:17.443]INFO[22084][/ge]hello a b

[2020-12-11 15:39:19.725]INFO[22084][/ge]hello a b

[2020-12-11 15:42:46.709]INFO[26324][/ge]hello a b

[2020-12-11 15:42:46.715]INFO[26324][/ge]hi a b

[2020-12-11 15:42:58.460]INFO[26324][/ge]hello a b

[2020-12-11 15:42:58.461]INFO[26324][/ge]hi a b

[2020-12-11 15:43:06.145]INFO[26324][/ge]hi a b

[2020-12-11 15:43:06.143]INFO[26324][/ge]hello a b

[2020-12-11 15:44:30.592]INFO[20552][/ge]hello a b

[2020-12-11 15:44:30.597]INFO[20552][/ge]hi a b

[2020-12-11 15:44:31.638]INFO[20552][/ge]hello a b

[2020-12-11 15:44:31.639]INFO[20552][/ge]hi a b

[2020-12-11 15:44:32.295]INFO[20552][/ge]hello a b

[2020-12-11 15:44:32.297]INFO[20552][/ge]hi a b

[2020-12-11 15:44:32.939]INFO[20552][/ge]hello a b

[2020-12-11 15:44:32.940]INFO[20552][/ge]hi a b

[2020-12-11 15:44:34.094]INFO[20552][/ge]hello a b

[2020-12-11 15:44:34.096]INFO[20552][/ge]hi a b

[2020-12-11 15:46:54.731]INFO[29428][/ge]hello a b

[2020-12-11 15:46:54.736]INFO[29428][/ge]hi a b

[2020-12-11 15:57:31.433]INFO[21776][/ge]hello a b

[2020-12-11 15:57:31.437]INFO[21776][/ge]hi a b

[2020-12-11 15:58:40.214]INFO[18656][/ge]hello a b

[2020-12-11 15:58:40.219]INFO[18656][/ge]hi a b

[2020-12-11 16:07:31.061]INFO[27880][/ge]hello a b

[2020-12-11 16:08:28.346]INFO[2768][/ge]hello a b

[2020-12-11 16:10:07.335]ERROR[24352][/ge]TypeError: Cannot read property 'info' of undefined

[2020-12-11 16:10:17.711]INFO[25228][/ge][object Object]

[2020-12-11 16:10:17.717]ERROR[25228][/ge]TypeError: Cannot read property 'info' of undefined

[2020-12-11 16:10:37.074]INFO[28600][/ge][object Object]

[2020-12-11 16:10:37.078]INFO[28600][/ge]hi a b

[2020-12-11 16:10:58.760]INFO[28600][/ge][object Object]

[2020-12-11 16:10:58.761]INFO[28600][/ge]hi a b

[2020-12-11 16:12:35.115]INFO[28600][/ge][object Object]

[2020-12-11 16:12:35.116]INFO[28600][/ge]hi a b

[2020-12-11 16:13:43.743]INFO[28600][/ge][object Object]

[2020-12-11 16:13:43.744]INFO[28600][/ge]hi a b

[2020-12-11 17:08:58.980]INFO[28600][/ge][object Object]

[2020-12-11 17:08:58.980]INFO[28600][/ge]hi a b

[2020-12-11 17:09:58.365]INFO[28920][/ge][object Object]

[2020-12-11 17:09:58.368]INFO[28920][/ge]hi a b

[2020-12-11 17:20:21.077]INFO[25040][/ge][object Object]

[2020-12-11 17:20:21.089]INFO[25040][/ge]hi a b

[2020-12-11 18:44:07.419]INFO[5716][/ge][object Object]

[2020-12-11 18:44:07.431]INFO[5716][/ge]hi a b

[2020-12-11 18:45:47.497]INFO[30284][/ge][object Object]

[2020-12-11 18:45:47.510]INFO[30284][/ge]hi a b

[2020-12-11 18:46:16.342]INFO[18088][/ge][object Object]

[2020-12-11 18:46:16.355]INFO[18088][/ge]hi a b

[2020-12-11 18:48:43.486][INFO][20684][/ge][object Object]

[2020-12-11 18:48:43.489][INFO][20684][/ge]hi a b

[2020-12-11 18:48:48.844][INFO][20684][/ge][object Object]

[2020-12-11 18:48:48.847][INFO][20684][/ge]hi a b

[2020-12-11 18:50:33.838][INFO][29596][/ge][object Object]

[2020-12-11 18:50:33.841][INFO][29596][/ge]hi a b

[2020-12-11 19:10:48.675][INFO][20796][/ge][object Object]

[2020-12-11 19:10:48.677][INFO][20796][/ge]hi a b

[2020-12-11 19:11:03.790][INFO][20796][/ge]hi a b

[2020-12-11 19:11:03.789][INFO][20796][/ge][object Object]

[2020-12-11 19:11:04.341][INFO][20796][/ge][object Object]

[2020-12-11 19:11:04.342][INFO][20796][/ge]hi a b

[2020-12-11 19:11:04.708][INFO][20796][/ge][object Object]

[2020-12-11 19:11:04.708][INFO][20796][/ge]hi a b

[2020-12-11 19:38:35.348][INFO][31556][/ge][object Object]

[2020-12-11 19:38:35.352][INFO][31556][/ge]hi a b

[2020-12-11 19:39:37.510][INFO][31556][/ge][object Object]

[2020-12-11 19:39:37.513][INFO][31556][/ge]hi a b

[2020-12-11 19:40:41.951][INFO][15256][/ge][object Object]

[2020-12-11 19:40:41.961][INFO][15256][/ge]hi a b

[2020-12-11 19:42:02.596][INFO][30824][/ge][object Object]

[2020-12-11 19:42:02.602][INFO][30824][/ge]hi a b

[2020-12-11 19:42:28.612][INFO][7176][/ge]hi a b

[2020-12-11 19:42:28.608][INFO][7176][/ge][object Object]

[2020-12-11 19:44:28.089][INFO][29084][/ge][object Object]

[2020-12-11 19:44:28.093][INFO][29084][/ge]hi a b

[2020-12-11 19:46:56.084][INFO][28612][/ge][object Object]

[2020-12-11 19:46:56.105][INFO][28612][/ge]hi a b

[2020-12-11 19:49:22.339][INFO][8008][/ge][object Object]

[2020-12-11 19:49:22.349][INFO][8008][/ge]hi a b

[2020-12-11 19:51:21.825][INFO][28228][/ge][object Object]

[2020-12-11 19:51:21.829][INFO][28228][/ge]hi a b

[2020-12-11 19:52:16.311][INFO][16644][/ge][object Object]

[2020-12-11 19:52:16.318][INFO][16644][/ge]hi a b

[2020-12-11 19:54:53.591][INFO][15156][/ge][object Object]

[2020-12-11 19:54:53.605][INFO][15156][/ge]hi a b

[2020-12-11 19:56:38.919][INFO][27952][/ge][object Object]

[2020-12-11 19:56:38.930][INFO][27952][/ge]hi a b

[2020-12-11 19:57:24.700][INFO][31580][/ge][object Object]

[2020-12-11 19:57:24.704][INFO][31580][/ge]hi a b

[2020-12-11 19:57:29.396][INFO][31580][/ge][object Object]

[2020-12-11 19:57:29.404][INFO][31580][/ge]hi a b

[2020-12-11 19:59:33.628][INFO][31360][/ge][object Object]

[2020-12-11 19:59:33.643][INFO][31360][/ge]hi a b

[2020-12-11 20:00:31.898][INFO][23472][/ge][object Object]

[2020-12-11 20:00:31.912][INFO][23472][/ge]hi a b

[2020-12-11 20:01:30.314][INFO][6192][/ge][object Object]

[2020-12-11 20:01:30.326][INFO][6192][/ge]hi a b

[2020-12-11 20:03:17.883][INFO][23200][/ge][object Object]

[2020-12-11 20:03:17.889][INFO][23200][/ge]hi a b

[2020-12-11 20:05:18.031][INFO][26044][/ge]****[object Object]

[2020-12-11 20:05:18.052][INFO][26044][/ge]****hi a b

[2020-12-11 20:05:57.544][INFO][2700][/ge]****[object Object]

[2020-12-11 20:05:57.561][INFO][2700][/ge]****hi a b

[2020-12-11 20:17:34.798][INFO][2384][/ge]****[object Object]

[2020-12-11 20:17:34.811][INFO][2384][/ge]****hi a b

[2020-12-11 20:18:38.317][INFO][17980][/ge]****[object Object]

[2020-12-11 20:18:38.329][INFO][17980][/ge]****hi a b

[2020-12-11 20:20:01.882][INFO][28444][/ge]****hi a b

